Using pre-set license
Built from '2020.3/staging' branch; Version is '2020.3.0f1 (c7b5465681fb) revision 13088070'; Using compiler version '192528614'; Build Type 'Release'
OS: 'Windows 10 Home; OS build 19045.4170; Version 2009; 64bit' Language: 'en' Physical Memory: 16310 MB
BatchMode: 1, IsHumanControllingUs: 0, StartBugReporterOnCrash: 0, Is64bit: 1, IsPro: 0

 COMMAND LINE ARGUMENTS:
C:\Program Files\Unity\Hub\Editor\2020.3.0f1\Editor\Unity.exe
-adb2
-batchMode
-noUpm
-name
AssetImportWorker0
-projectPath
C:/Users/lilli/OneDrive/Desktop/Robbys_Homework/SWDV 271/Week 9/Project4-Hour10
-logFile
Logs/AssetImportWorker0.log
-srvPort
64271
Successfully changed project path to: C:/Users/lilli/OneDrive/Desktop/Robbys_Homework/SWDV 271/Week 9/Project4-Hour10
C:/Users/lilli/OneDrive/Desktop/Robbys_Homework/SWDV 271/Week 9/Project4-Hour10
Using Asset Import Pipeline V2.
Refreshing native plugins compatible for Editor in 20.76 ms, found 0 plugins.
Preloading 0 native plugins for Editor in 0.00 ms.
Initialize engine version: 2020.3.0f1 (c7b5465681fb)
[Subsystems] Discovering subsystems at path C:/Program Files/Unity/Hub/Editor/2020.3.0f1/Editor/Data/Resources/UnitySubsystems
[Subsystems] Discovering subsystems at path C:/Users/lilli/OneDrive/Desktop/Robbys_Homework/SWDV 271/Week 9/Project4-Hour10/Assets
GfxDevice: creating device client; threaded=0
Direct3D:
    Version:  Direct3D 11.0 [level 11.1]
    Renderer: Radeon RX 580 Series (ID=0x67df)
    Vendor:   
    VRAM:     8170 MB
    Driver:   31.0.12027.9001
Initialize mono
Mono path[0] = 'C:/Program Files/Unity/Hub/Editor/2020.3.0f1/Editor/Data/Managed'
Mono path[1] = 'C:/Program Files/Unity/Hub/Editor/2020.3.0f1/Editor/Data/MonoBleedingEdge/lib/mono/unityjit'
Mono config path = 'C:/Program Files/Unity/Hub/Editor/2020.3.0f1/Editor/Data/MonoBleedingEdge/etc'
Using monoOptions --debugger-agent=transport=dt_socket,embedding=1,server=y,suspend=n,address=127.0.0.1:56676
Begin MonoManager ReloadAssembly
Registering precompiled unity dll's ...
Register platform support module: C:/Program Files/Unity/Hub/Editor/2020.3.0f1/Editor/Data/PlaybackEngines/WebGLSupport/UnityEditor.WebGL.Extensions.dll
Register platform support module: C:/Program Files/Unity/Hub/Editor/2020.3.0f1/Editor/Data/PlaybackEngines/MacStandaloneSupport/UnityEditor.OSXStandalone.Extensions.dll
Register platform support module: C:/Program Files/Unity/Hub/Editor/2020.3.0f1/Editor/Data/PlaybackEngines/WindowsStandaloneSupport/UnityEditor.WindowsStandalone.Extensions.dll
Registered in 0.003023 seconds.
Native extension for WindowsStandalone target not found
Native extension for OSXStandalone target not found
Native extension for WebGL target not found
Refreshing native plugins compatible for Editor in 20.05 ms, found 0 plugins.
Preloading 0 native plugins for Editor in 0.00 ms.
Invoked RoslynAnalysisRunner static constructor.
RoslynAnalysisRunner will not be running.
RoslynAnalysisRunner has terminated.
Mono: successfully reloaded assembly
- Completed reload, in  2.039 seconds
Platform modules already initialized, skipping
Registering precompiled user dll's ...
Registered in 0.000802 seconds.
Begin MonoManager ReloadAssembly
Native extension for WindowsStandalone target not found
Native extension for OSXStandalone target not found
Native extension for WebGL target not found
Refreshing native plugins compatible for Editor in 0.26 ms, found 0 plugins.
Preloading 0 native plugins for Editor in 0.00 ms.
Invoked RoslynAnalysisRunner static constructor.
RoslynAnalysisRunner will not be running.
RoslynAnalysisRunner has terminated.
Mono: successfully reloaded assembly
- Completed reload, in  0.642 seconds
Platform modules already initialized, skipping
========================================================================
Worker process is ready to serve import requests
Launched and connected shader compiler UnityShaderCompiler.exe after 0.04 seconds
Refreshing native plugins compatible for Editor in 0.25 ms, found 0 plugins.
Preloading 0 native plugins for Editor in 0.00 ms.
Unloading 1128 Unused Serialized files (Serialized files now loaded: 0)
System memory in use before: 58.4 MB.
System memory in use after: 58.5 MB.

Unloading 9 unused Assets to reduce memory usage. Loaded Objects now: 1573.
Total: 1.699200 ms (FindLiveObjects: 0.172300 ms CreateObjectMapping: 0.036300 ms MarkObjects: 1.431000 ms  DeleteObjects: 0.058700 ms)

========================================================================
Received Import Request.
  path: Assets/Scenes
  artifactKey: Guid(03b6ba0ef12f5db4684547864e061866) Importer(815301076,1909f56bfc062723c751e8b465ee728b)
Start importing Assets/Scenes using Guid(03b6ba0ef12f5db4684547864e061866) Importer(815301076,1909f56bfc062723c751e8b465ee728b)  -> (artifact id: '92a968985a84eb25970df4272fe4dbb7') in 0.009134 seconds
  Import took 0.010872 seconds .

========================================================================
Received Import Request.
  Time since last request: 4.473129 seconds.
  path: Assets/Scenes/Game.unity
  artifactKey: Guid(aec43f01369b4dc48b4930b50d1e7568) Importer(815301076,1909f56bfc062723c751e8b465ee728b)
Start importing Assets/Scenes/Game.unity using Guid(aec43f01369b4dc48b4930b50d1e7568) Importer(815301076,1909f56bfc062723c751e8b465ee728b)  -> (artifact id: '7403de0d41bef76a0921a070c95de889') in 0.012293 seconds
  Import took 0.014209 seconds .

========================================================================
Received Import Request.
  Time since last request: 41.310230 seconds.
  path: Assets/Scenes/Hour10.unity
  artifactKey: Guid(aec43f01369b4dc48b4930b50d1e7568) Importer(815301076,1909f56bfc062723c751e8b465ee728b)
Start importing Assets/Scenes/Hour10.unity using Guid(aec43f01369b4dc48b4930b50d1e7568) Importer(815301076,1909f56bfc062723c751e8b465ee728b)  -> (artifact id: '8232c2c9539b8ca9427a2bc9f89d95a0') in 0.007530 seconds
  Import took 0.009517 seconds .

========================================================================
Received Import Request.
  Time since last request: 0.001410 seconds.
  path: Assets/Scenes/Hour10.unity
  artifactKey: Guid(aec43f01369b4dc48b4930b50d1e7568) Importer(815301076,1909f56bfc062723c751e8b465ee728b)
Start importing Assets/Scenes/Hour10.unity using Guid(aec43f01369b4dc48b4930b50d1e7568) Importer(815301076,1909f56bfc062723c751e8b465ee728b)  -> (artifact id: '8232c2c9539b8ca9427a2bc9f89d95a0') in 0.002181 seconds
  Import took 0.003409 seconds .

========================================================================
Received Import Request.
  Time since last request: 29.792281 seconds.
  path: Assets/Environment/SpeedTree/Palm/Palm_Desktop.spm
  artifactKey: Guid(d027af1092f6b434090f040565e7e656) Importer(815301076,1909f56bfc062723c751e8b465ee728b)
Start importing Assets/Environment/SpeedTree/Palm/Palm_Desktop.spm using Guid(d027af1092f6b434090f040565e7e656) Importer(815301076,1909f56bfc062723c751e8b465ee728b)  -> (artifact id: '3ecbd03ab845d1f7b2f6aa821d080fdf') in 1.383524 seconds
  Import took 1.385758 seconds .

========================================================================
Received Import Request.
  Time since last request: 0.000196 seconds.
  path: Assets/Environment/Water (Basic)/Models/WaterBasicPlane.fbx
  artifactKey: Guid(ce8d79c79d11b8f9d00076e98d76c639) Importer(815301076,1909f56bfc062723c751e8b465ee728b)
Start importing Assets/Environment/Water (Basic)/Models/WaterBasicPlane.fbx using Guid(ce8d79c79d11b8f9d00076e98d76c639) Importer(815301076,1909f56bfc062723c751e8b465ee728b)  -> (artifact id: 'da362bc2f4a1ad8c13c623bc55d94f83') in 0.055654 seconds
  Import took 0.057246 seconds .

========================================================================
Received Import Request.
  Time since last request: 0.000225 seconds.
  path: Assets/Environment/Water/Water/Models/WaterPlane.fbx
  artifactKey: Guid(ba6a41dc489914734857bb5924eb70ad) Importer(815301076,1909f56bfc062723c751e8b465ee728b)
Start importing Assets/Environment/Water/Water/Models/WaterPlane.fbx using Guid(ba6a41dc489914734857bb5924eb70ad) Importer(815301076,1909f56bfc062723c751e8b465ee728b)  -> (artifact id: '0902d79f11c837af10d2d95a32ee745b') in 0.184471 seconds
  Import took 0.186117 seconds .

========================================================================
Received Import Request.
  Time since last request: 434.574140 seconds.
  path: Assets
  artifactKey: Guid(00000000000000001000000000000000) Importer(815301076,1909f56bfc062723c751e8b465ee728b)
Start importing Assets using Guid(00000000000000001000000000000000) Importer(815301076,1909f56bfc062723c751e8b465ee728b)  -> (artifact id: '42baae205c97e3337697759514652acd') in 0.007749 seconds
  Import took 0.009916 seconds .

========================================================================
Received Import Request.
  Time since last request: 0.000389 seconds.
  path: Assets
  artifactKey: Guid(00000000000000001000000000000000) Importer(815301076,1909f56bfc062723c751e8b465ee728b)
Start importing Assets using Guid(00000000000000001000000000000000) Importer(815301076,1909f56bfc062723c751e8b465ee728b)  -> (artifact id: '42baae205c97e3337697759514652acd') in 0.001802 seconds
  Import took 0.003070 seconds .

========================================================================
Received Import Request.
  Time since last request: 11.568050 seconds.
  path: Assets/Materials
  artifactKey: Guid(5de9beadbad4a0549b54a8c0f163dedb) Importer(815301076,1909f56bfc062723c751e8b465ee728b)
Start importing Assets/Materials using Guid(5de9beadbad4a0549b54a8c0f163dedb) Importer(815301076,1909f56bfc062723c751e8b465ee728b)  -> (artifact id: '8d9f199189f80f656383231f552249b2') in 0.007583 seconds
  Import took 0.009565 seconds .

========================================================================
Received Import Request.
  Time since last request: 26.831547 seconds.
  path: Assets/Materials/WallMat.mat
  artifactKey: Guid(a2ade106511c36843aabd978ee6d155f) Importer(815301076,1909f56bfc062723c751e8b465ee728b)
Start importing Assets/Materials/WallMat.mat using Guid(a2ade106511c36843aabd978ee6d155f) Importer(815301076,1909f56bfc062723c751e8b465ee728b)  -> (artifact id: 'ec7c6a55b6cfbcef37ac7ff064cfe576') in 0.025456 seconds
  Import took 0.027541 seconds .

========================================================================
Received Import Request.
  Time since last request: 18.070512 seconds.
  path: Packages/com.unity.collab-proxy/Editor/Assets/Icons/added-file-dark.png
  artifactKey: Guid(1a4f52b613391cd449af3ad2e44affeb) Importer(815301076,1909f56bfc062723c751e8b465ee728b)
Start importing Packages/com.unity.collab-proxy/Editor/Assets/Icons/added-file-dark.png using Guid(1a4f52b613391cd449af3ad2e44affeb) Importer(815301076,1909f56bfc062723c751e8b465ee728b)  -> (artifact id: '5f81e5fb9a1d83a8a33dbc4dccad3d7c') in 0.031465 seconds
  Import took 0.033742 seconds .

========================================================================
Received Import Request.
  Time since last request: 0.000180 seconds.
  path: Assets/Environment/SpeedTree/Broadleaf/Broadleaf_Desktop_Atlas_Billboards_Normal.tga
  artifactKey: Guid(0ec79c3d1dd0fb640b7f3f72ebb28f74) Importer(815301076,1909f56bfc062723c751e8b465ee728b)
Start importing Assets/Environment/SpeedTree/Broadleaf/Broadleaf_Desktop_Atlas_Billboards_Normal.tga using Guid(0ec79c3d1dd0fb640b7f3f72ebb28f74) Importer(815301076,1909f56bfc062723c751e8b465ee728b)  -> (artifact id: 'ca3b08d2bea07481a9d14ba0172bb93b') in 0.017351 seconds
  Import took 0.019069 seconds .

========================================================================
Received Import Request.
  Time since last request: 0.000179 seconds.
  path: Assets/Environment/SpeedTree/Broadleaf/Broadleaf_Desktop_Atlas_Specular.tga
  artifactKey: Guid(d954891cb9e58434d86e01d839ed4997) Importer(815301076,1909f56bfc062723c751e8b465ee728b)
Start importing Assets/Environment/SpeedTree/Broadleaf/Broadleaf_Desktop_Atlas_Specular.tga using Guid(d954891cb9e58434d86e01d839ed4997) Importer(815301076,1909f56bfc062723c751e8b465ee728b)  -> (artifact id: '447c93e79aa8363392d828af9c68821f') in 0.009883 seconds
  Import took 0.011562 seconds .

========================================================================
Received Import Request.
  Time since last request: 0.000204 seconds.
  path: Assets/Environment/SpeedTree/Broadleaf/Broadleaf_Desktop_Atlas_Billboards.tga
  artifactKey: Guid(951aab9a19f551f4385d0ceafdaf19b4) Importer(815301076,1909f56bfc062723c751e8b465ee728b)
Start importing Assets/Environment/SpeedTree/Broadleaf/Broadleaf_Desktop_Atlas_Billboards.tga using Guid(951aab9a19f551f4385d0ceafdaf19b4) Importer(815301076,1909f56bfc062723c751e8b465ee728b)  -> (artifact id: 'bcdc5f70113c8271ab467765718e3c3e') in 0.010384 seconds
  Import took 0.012403 seconds .

========================================================================
Received Import Request.
  Time since last request: 0.000208 seconds.
  path: Assets/Environment/SpeedTree/Broadleaf/Broadleaf_Mobile_Atlas_Billboards.tga
  artifactKey: Guid(bc6e7e1374ff3e1459f65bf72da64c85) Importer(815301076,1909f56bfc062723c751e8b465ee728b)
Start importing Assets/Environment/SpeedTree/Broadleaf/Broadleaf_Mobile_Atlas_Billboards.tga using Guid(bc6e7e1374ff3e1459f65bf72da64c85) Importer(815301076,1909f56bfc062723c751e8b465ee728b)  -> (artifact id: '13cb68edd7cf1eabb31eccbb4deb6a1e') in 0.010875 seconds
  Import took 0.012924 seconds .

========================================================================
Received Import Request.
  Time since last request: 0.000230 seconds.
  path: Assets/Environment/SpeedTree/Broadleaf/Broadleaf_Desktop_Atlas_Normal.tga
  artifactKey: Guid(b552931caa1b3ea418b9ba90cbd1333e) Importer(815301076,1909f56bfc062723c751e8b465ee728b)
Start importing Assets/Environment/SpeedTree/Broadleaf/Broadleaf_Desktop_Atlas_Normal.tga using Guid(b552931caa1b3ea418b9ba90cbd1333e) Importer(815301076,1909f56bfc062723c751e8b465ee728b)  -> (artifact id: 'd0d4326bba4db6ae256a8ebf86a8671e') in 0.010991 seconds
  Import took 0.012958 seconds .

========================================================================
Received Import Request.
  Time since last request: 0.000171 seconds.
  path: Assets/Environment/SpeedTree/Broadleaf/Broadleaf_Mobile_Atlas.tga
  artifactKey: Guid(2c116325e19b8a04d916864cc540ec2d) Importer(815301076,1909f56bfc062723c751e8b465ee728b)
Start importing Assets/Environment/SpeedTree/Broadleaf/Broadleaf_Mobile_Atlas.tga using Guid(2c116325e19b8a04d916864cc540ec2d) Importer(815301076,1909f56bfc062723c751e8b465ee728b)  -> (artifact id: '4980d4e8f728f28803925ba64f569328') in 0.009795 seconds
  Import took 0.011465 seconds .

========================================================================
Received Import Request.
  Time since last request: 0.000189 seconds.
  path: Packages/com.unity.collab-proxy/Editor/Assets/Icons/back-light@2x.png
  artifactKey: Guid(f5c57327df0fa294c8209aa216435167) Importer(815301076,1909f56bfc062723c751e8b465ee728b)
Start importing Packages/com.unity.collab-proxy/Editor/Assets/Icons/back-light@2x.png using Guid(f5c57327df0fa294c8209aa216435167) Importer(815301076,1909f56bfc062723c751e8b465ee728b)  -> (artifact id: 'e96c2306f5ee0d034f830a866d5dcf6a') in 0.013089 seconds
  Import took 0.014747 seconds .

========================================================================
Received Import Request.
  Time since last request: 0.000149 seconds.
  path: Packages/com.unity.collab-proxy/Editor/Assets/Icons/back-dark.png
  artifactKey: Guid(8e3ec2dfd58b79842aa78376678a9a05) Importer(815301076,1909f56bfc062723c751e8b465ee728b)
Start importing Packages/com.unity.collab-proxy/Editor/Assets/Icons/back-dark.png using Guid(8e3ec2dfd58b79842aa78376678a9a05) Importer(815301076,1909f56bfc062723c751e8b465ee728b)  -> (artifact id: '52b3dc65c83c8e329f6541560971bde6') in 0.012794 seconds
  Import took 0.014448 seconds .

========================================================================
Received Import Request.
  Time since last request: 0.000286 seconds.
  path: Packages/com.unity.collab-proxy/Editor/Assets/Icons/back-dark@2x.png
  artifactKey: Guid(9c6313a5316f8a34b852bf94ff96e3ab) Importer(815301076,1909f56bfc062723c751e8b465ee728b)
Start importing Packages/com.unity.collab-proxy/Editor/Assets/Icons/back-dark@2x.png using Guid(9c6313a5316f8a34b852bf94ff96e3ab) Importer(815301076,1909f56bfc062723c751e8b465ee728b)  -> (artifact id: '68e982379fdf0836d7ccf48acc26b040') in 0.014024 seconds
  Import took 0.016040 seconds .

========================================================================
Received Import Request.
  Time since last request: 0.000192 seconds.
  path: Assets/Environment/SpeedTree/Broadleaf/Broadleaf_Mobile_Atlas_Billboards_Normal.tga
  artifactKey: Guid(c9de3ae2361df6c469caeb2024321cbf) Importer(815301076,1909f56bfc062723c751e8b465ee728b)
Start importing Assets/Environment/SpeedTree/Broadleaf/Broadleaf_Mobile_Atlas_Billboards_Normal.tga using Guid(c9de3ae2361df6c469caeb2024321cbf) Importer(815301076,1909f56bfc062723c751e8b465ee728b)  -> (artifact id: '5f53a295168cda8bcac9b98d4754cea1') in 0.011077 seconds
  Import took 0.012807 seconds .

========================================================================
Received Import Request.
  Time since last request: 0.000193 seconds.
  path: Packages/com.unity.collab-proxy/Editor/Assets/Icons/added-file-dark.png
  artifactKey: Guid(1a4f52b613391cd449af3ad2e44affeb) Importer(815301076,1909f56bfc062723c751e8b465ee728b)
Start importing Packages/com.unity.collab-proxy/Editor/Assets/Icons/added-file-dark.png using Guid(1a4f52b613391cd449af3ad2e44affeb) Importer(815301076,1909f56bfc062723c751e8b465ee728b)  -> (artifact id: '5f81e5fb9a1d83a8a33dbc4dccad3d7c') in 0.004169 seconds
  Import took 0.005819 seconds .

========================================================================
Received Import Request.
  Time since last request: 0.000176 seconds.
  path: Packages/com.unity.collab-proxy/Editor/Assets/Icons/added-file-dark@2x.png
  artifactKey: Guid(c223e0c507e2c6549a2cb97441b62cbe) Importer(815301076,1909f56bfc062723c751e8b465ee728b)
Start importing Packages/com.unity.collab-proxy/Editor/Assets/Icons/added-file-dark@2x.png using Guid(c223e0c507e2c6549a2cb97441b62cbe) Importer(815301076,1909f56bfc062723c751e8b465ee728b)  -> (artifact id: 'a1d9d367219e4a831f6123148329bc41') in 0.012824 seconds
  Import took 0.014522 seconds .

========================================================================
Received Import Request.
  Time since last request: 0.000192 seconds.
  path: Packages/com.unity.collab-proxy/Editor/Assets/Icons/added-file-light@2x.png
  artifactKey: Guid(ec2e3aa6d0ab8ce4eac29b56d65d61d5) Importer(815301076,1909f56bfc062723c751e8b465ee728b)
Start importing Packages/com.unity.collab-proxy/Editor/Assets/Icons/added-file-light@2x.png using Guid(ec2e3aa6d0ab8ce4eac29b56d65d61d5) Importer(815301076,1909f56bfc062723c751e8b465ee728b)  -> (artifact id: '770db39ddc78cca6300fb33a2b7bc4ee') in 0.013378 seconds
  Import took 0.015036 seconds .

========================================================================
Received Import Request.
  Time since last request: 0.000172 seconds.
  path: Assets/Environment/SpeedTree/Broadleaf/Broadleaf_Desktop_Atlas.tga
  artifactKey: Guid(d20e5329bb2905844a1ae38b80640d3f) Importer(815301076,1909f56bfc062723c751e8b465ee728b)
Start importing Assets/Environment/SpeedTree/Broadleaf/Broadleaf_Desktop_Atlas.tga using Guid(d20e5329bb2905844a1ae38b80640d3f) Importer(815301076,1909f56bfc062723c751e8b465ee728b)  -> (artifact id: '5cf41a9eb2ab0596d53309cfed3bee63') in 0.010082 seconds
  Import took 0.011843 seconds .

========================================================================
Received Import Request.
  Time since last request: 0.000188 seconds.
  path: Packages/com.unity.collab-proxy/Editor/Assets/Icons/back-light.png
  artifactKey: Guid(e676ab7aa99535447a763c9f88bf9260) Importer(815301076,1909f56bfc062723c751e8b465ee728b)
Start importing Packages/com.unity.collab-proxy/Editor/Assets/Icons/back-light.png using Guid(e676ab7aa99535447a763c9f88bf9260) Importer(815301076,1909f56bfc062723c751e8b465ee728b)  -> (artifact id: '8d53485dc98ce1a084f0ea372bae8ec3') in 0.013898 seconds
  Import took 0.015599 seconds .

========================================================================
Received Import Request.
  Time since last request: 0.000167 seconds.
  path: Packages/com.unity.collab-proxy/Editor/Assets/Icons/added-file-light.png
  artifactKey: Guid(397fff6c3885f8343bb65714f0064b5d) Importer(815301076,1909f56bfc062723c751e8b465ee728b)
Start importing Packages/com.unity.collab-proxy/Editor/Assets/Icons/added-file-light.png using Guid(397fff6c3885f8343bb65714f0064b5d) Importer(815301076,1909f56bfc062723c751e8b465ee728b)  -> (artifact id: '95452f123378bb77cd4fc829154b6978') in 0.012134 seconds
  Import took 0.013770 seconds .

========================================================================
Received Import Request.
  Time since last request: 0.010009 seconds.
  path: Packages/com.unity.collab-proxy/Editor/Assets/Icons/back-light.png
  artifactKey: Guid(e676ab7aa99535447a763c9f88bf9260) Importer(815301076,1909f56bfc062723c751e8b465ee728b)
Start importing Packages/com.unity.collab-proxy/Editor/Assets/Icons/back-light.png using Guid(e676ab7aa99535447a763c9f88bf9260) Importer(815301076,1909f56bfc062723c751e8b465ee728b)  -> (artifact id: '8d53485dc98ce1a084f0ea372bae8ec3') in 0.004842 seconds
  Import took 0.006890 seconds .

========================================================================
Received Import Request.
  Time since last request: 3.778142 seconds.
  path: Assets/Environment/SpeedTree/Broadleaf/Broadleaf_Mobile_Atlas_Normal.tga
  artifactKey: Guid(be053ea3235ccb64a889bf0b15c2764b) Importer(815301076,1909f56bfc062723c751e8b465ee728b)
Start importing Assets/Environment/SpeedTree/Broadleaf/Broadleaf_Mobile_Atlas_Normal.tga using Guid(be053ea3235ccb64a889bf0b15c2764b) Importer(815301076,1909f56bfc062723c751e8b465ee728b)  -> (artifact id: '5d23ac45154fea1478e660002d6279f0') in 0.011699 seconds
  Import took 0.013668 seconds .

========================================================================
Received Import Request.
  Time since last request: 0.000187 seconds.
  path: Assets/Environment/SpeedTree/Broadleaf/Broadleaves_Card_Desktop_Spec.tga
  artifactKey: Guid(6308da3d0ff986b42be3b0a6ea5b6fae) Importer(815301076,1909f56bfc062723c751e8b465ee728b)
Start importing Assets/Environment/SpeedTree/Broadleaf/Broadleaves_Card_Desktop_Spec.tga using Guid(6308da3d0ff986b42be3b0a6ea5b6fae) Importer(815301076,1909f56bfc062723c751e8b465ee728b)  -> (artifact id: '8d234b9a13f4c399bc4cabc6c1d5a76f') in 0.009826 seconds
  Import took 0.011365 seconds .

========================================================================
Received Import Request.
  Time since last request: 0.000196 seconds.
  path: Assets/Environment/SpeedTree/Broadleaf/Broadleaves_Card_Desktop_Normal.tga
  artifactKey: Guid(f0d8945c7972e4747aa776e16494fa37) Importer(815301076,1909f56bfc062723c751e8b465ee728b)
Start importing Assets/Environment/SpeedTree/Broadleaf/Broadleaves_Card_Desktop_Normal.tga using Guid(f0d8945c7972e4747aa776e16494fa37) Importer(815301076,1909f56bfc062723c751e8b465ee728b)  -> (artifact id: 'f25ad1bfbde406db8d5c7243539a2786') in 0.009676 seconds
  Import took 0.011255 seconds .

========================================================================
Received Import Request.
  Time since last request: 0.000181 seconds.
  path: Assets/Environment/SpeedTree/Broadleaf/Broadleaves_Desktop.tga
  artifactKey: Guid(306f8f570579fb3448d141a63029ef94) Importer(815301076,1909f56bfc062723c751e8b465ee728b)
Start importing Assets/Environment/SpeedTree/Broadleaf/Broadleaves_Desktop.tga using Guid(306f8f570579fb3448d141a63029ef94) Importer(815301076,1909f56bfc062723c751e8b465ee728b)  -> (artifact id: 'e3696036e03c6a2828c1972caea37c94') in 0.009802 seconds
  Import took 0.011381 seconds .

========================================================================
Received Import Request.
  Time since last request: 0.000169 seconds.
  path: Assets/Environment/SpeedTree/Broadleaf/Broadleaves_Card_Desktop.tga
  artifactKey: Guid(ea60173ceac07334c91568c48cc765cd) Importer(815301076,1909f56bfc062723c751e8b465ee728b)
Start importing Assets/Environment/SpeedTree/Broadleaf/Broadleaves_Card_Desktop.tga using Guid(ea60173ceac07334c91568c48cc765cd) Importer(815301076,1909f56bfc062723c751e8b465ee728b)  -> (artifact id: 'a22fc9a5aa5b9b06c63eebac5b85952f') in 0.008837 seconds
  Import took 0.010483 seconds .

========================================================================
Received Import Request.
  Time since last request: 0.000190 seconds.
  path: Assets/Environment/SpeedTree/Broadleaf/Broadleaves_Desktop_Spec.tga
  artifactKey: Guid(30586af2d47849140b2d533bb6f75eaa) Importer(815301076,1909f56bfc062723c751e8b465ee728b)
Start importing Assets/Environment/SpeedTree/Broadleaf/Broadleaves_Desktop_Spec.tga using Guid(30586af2d47849140b2d533bb6f75eaa) Importer(815301076,1909f56bfc062723c751e8b465ee728b)  -> (artifact id: 'f66b3c779ca12eabccb244bf862c64a4') in 0.010714 seconds
  Import took 0.012558 seconds .

========================================================================
Received Import Request.
  Time since last request: 0.000184 seconds.
  path: Assets/Environment/SpeedTree/Broadleaf/Broadleaf_Mobile_Atlas_Specular.tga
  artifactKey: Guid(45cab4c9b31009748999eec1556926b3) Importer(815301076,1909f56bfc062723c751e8b465ee728b)
Start importing Assets/Environment/SpeedTree/Broadleaf/Broadleaf_Mobile_Atlas_Specular.tga using Guid(45cab4c9b31009748999eec1556926b3) Importer(815301076,1909f56bfc062723c751e8b465ee728b)  -> (artifact id: 'a6cd238c1fbd42672a415a888ddebb76') in 0.009912 seconds
  Import took 0.011543 seconds .

========================================================================
Received Import Request.
  Time since last request: 0.000208 seconds.
  path: Assets/Environment/SpeedTree/Broadleaf/Broadleaves_Desktop_Normal.tga
  artifactKey: Guid(e7b2d3eeb0a4d694792c93a8ab87e4a4) Importer(815301076,1909f56bfc062723c751e8b465ee728b)
Start importing Assets/Environment/SpeedTree/Broadleaf/Broadleaves_Desktop_Normal.tga using Guid(e7b2d3eeb0a4d694792c93a8ab87e4a4) Importer(815301076,1909f56bfc062723c751e8b465ee728b)  -> (artifact id: '269664d52f39736d2ac6f1dc1e12ab7d') in 0.010169 seconds
  Import took 0.012165 seconds .

========================================================================
Received Import Request.
  Time since last request: 164.968349 seconds.
  path: Assets/Environment/Water/Water4/Prefabs/Water4Advanced.prefab
  artifactKey: Guid(b544816461f324e56a39767fdeb5b114) Importer(815301076,1909f56bfc062723c751e8b465ee728b)
Start importing Assets/Environment/Water/Water4/Prefabs/Water4Advanced.prefab using Guid(b544816461f324e56a39767fdeb5b114) Importer(815301076,1909f56bfc062723c751e8b465ee728b)  -> (artifact id: '23312a549f41fbc8deb165b4de0063c1') in 0.017600 seconds
  Import took 0.019731 seconds .

========================================================================
Received Import Request.
  Time since last request: 0.000166 seconds.
  path: Assets/Environment/Water/Water4/Prefabs/Water4Simple.prefab
  artifactKey: Guid(843740dbe549a4a6ba9556d1b80001f5) Importer(815301076,1909f56bfc062723c751e8b465ee728b)
Start importing Assets/Environment/Water/Water4/Prefabs/Water4Simple.prefab using Guid(843740dbe549a4a6ba9556d1b80001f5) Importer(815301076,1909f56bfc062723c751e8b465ee728b)  -> (artifact id: 'c1a2d46ee37a6c9f15b6586c75a2b222') in 0.012778 seconds
  Import took 0.014424 seconds .

========================================================================
Received Import Request.
  Time since last request: 101.660484 seconds.
  path: Assets/Materials/SuperBouncyPM.physicMaterial
  artifactKey: Guid(4fe52e97ed3097e479f6da477b65808d) Importer(815301076,1909f56bfc062723c751e8b465ee728b)
Start importing Assets/Materials/SuperBouncyPM.physicMaterial using Guid(4fe52e97ed3097e479f6da477b65808d) Importer(815301076,1909f56bfc062723c751e8b465ee728b)  -> (artifact id: '1616c80bf0044449aeb48e4dbc412abb') in 0.009686 seconds
  Import took 0.011729 seconds .

========================================================================
Received Import Request.
  Time since last request: 0.001200 seconds.
  path: Assets/Materials/SuperBouncyPM.physicMaterial
  artifactKey: Guid(4fe52e97ed3097e479f6da477b65808d) Importer(815301076,1909f56bfc062723c751e8b465ee728b)
Start importing Assets/Materials/SuperBouncyPM.physicMaterial using Guid(4fe52e97ed3097e479f6da477b65808d) Importer(815301076,1909f56bfc062723c751e8b465ee728b)  -> (artifact id: '1616c80bf0044449aeb48e4dbc412abb') in 0.002239 seconds
  Import took 0.003696 seconds .

========================================================================
Received Import Request.
  Time since last request: 345.437412 seconds.
  path: Assets/Materials/FloorMat.mat
  artifactKey: Guid(c71dbf7fa4729fc40b3b04368363cd5d) Importer(815301076,1909f56bfc062723c751e8b465ee728b)
Start importing Assets/Materials/FloorMat.mat using Guid(c71dbf7fa4729fc40b3b04368363cd5d) Importer(815301076,1909f56bfc062723c751e8b465ee728b)  -> (artifact id: 'f7c28298b407717bf5500fd57d8672f4') in 0.012536 seconds
  Import took 0.014644 seconds .

========================================================================
Received Import Request.
  Time since last request: 697.637257 seconds.
  path: Assets/FirstPersonCharacter/Audio/Footstep01.wav
  artifactKey: Guid(42e65e088b3f4374e851b8dbd38f3df9) Importer(815301076,1909f56bfc062723c751e8b465ee728b)
Start importing Assets/FirstPersonCharacter/Audio/Footstep01.wav using Guid(42e65e088b3f4374e851b8dbd38f3df9) Importer(815301076,1909f56bfc062723c751e8b465ee728b)  -> (artifact id: '60ff10251a7f08228dbc25f2c67de60a') in 0.018103 seconds
  Import took 0.020316 seconds .

========================================================================
Received Import Request.
  Time since last request: 0.000195 seconds.
  path: Assets/FirstPersonCharacter/Audio/Land.wav
  artifactKey: Guid(3b09d59f4499d45428baa7a21e954296) Importer(815301076,1909f56bfc062723c751e8b465ee728b)
Start importing Assets/FirstPersonCharacter/Audio/Land.wav using Guid(3b09d59f4499d45428baa7a21e954296) Importer(815301076,1909f56bfc062723c751e8b465ee728b)  -> (artifact id: '1c68610b8a9834b55e7e0fe7a9d9eccb') in 0.012625 seconds
  Import took 0.014318 seconds .

========================================================================
Received Import Request.
  Time since last request: 0.000184 seconds.
  path: Assets/FirstPersonCharacter/Audio/Footstep02.wav
  artifactKey: Guid(8bc94ec6ed537e743b481638bdcd503d) Importer(815301076,1909f56bfc062723c751e8b465ee728b)
Start importing Assets/FirstPersonCharacter/Audio/Footstep02.wav using Guid(8bc94ec6ed537e743b481638bdcd503d) Importer(815301076,1909f56bfc062723c751e8b465ee728b)  -> (artifact id: '66a9bf743bfb187b30cb9fc8b687e63f') in 0.011692 seconds
  Import took 0.013416 seconds .

========================================================================
Received Import Request.
  Time since last request: 0.000202 seconds.
  path: Assets/FirstPersonCharacter/Audio/Jump.wav
  artifactKey: Guid(5897aeed9b676024fbb8c694b421a861) Importer(815301076,1909f56bfc062723c751e8b465ee728b)
Start importing Assets/FirstPersonCharacter/Audio/Jump.wav using Guid(5897aeed9b676024fbb8c694b421a861) Importer(815301076,1909f56bfc062723c751e8b465ee728b)  -> (artifact id: 'f8450aced2549cfe4c8fbe4fdc82a2ca') in 0.010557 seconds
  Import took 0.012222 seconds .

========================================================================
Received Import Request.
  Time since last request: 0.000258 seconds.
  path: Assets/FirstPersonCharacter/Audio/Jump.wav
  artifactKey: Guid(5897aeed9b676024fbb8c694b421a861) Importer(815301076,1909f56bfc062723c751e8b465ee728b)
Start importing Assets/FirstPersonCharacter/Audio/Jump.wav using Guid(5897aeed9b676024fbb8c694b421a861) Importer(815301076,1909f56bfc062723c751e8b465ee728b)  -> (artifact id: 'f8450aced2549cfe4c8fbe4fdc82a2ca') in 0.005787 seconds
  Import took 0.007365 seconds .

========================================================================
Received Import Request.
  Time since last request: 1.268543 seconds.
  path: Assets/FirstPersonCharacter/FPSController.prefab
  artifactKey: Guid(5e9e851c0e142814dac026a256ba2ac0) Importer(815301076,1909f56bfc062723c751e8b465ee728b)
Start importing Assets/FirstPersonCharacter/FPSController.prefab using Guid(5e9e851c0e142814dac026a256ba2ac0) Importer(815301076,1909f56bfc062723c751e8b465ee728b)  -> (artifact id: 'a9ff35f8a09c5af4cb6dbf698a7a4b4b') in 0.010618 seconds
  Import took 0.012633 seconds .

========================================================================
Received Import Request.
  Time since last request: 422.774679 seconds.
  path: Assets/Materials/BumperMat.mat
  artifactKey: Guid(d6cb4994ea276964a8daba7891ac5d92) Importer(815301076,1909f56bfc062723c751e8b465ee728b)
Start importing Assets/Materials/BumperMat.mat using Guid(d6cb4994ea276964a8daba7891ac5d92) Importer(815301076,1909f56bfc062723c751e8b465ee728b)  -> (artifact id: '514bc8e2b005b1036edd4a49bfe64e3a') in 0.012456 seconds
  Import took 0.014648 seconds .

========================================================================
Received Import Request.
  Time since last request: 556.596909 seconds.
  path: Assets/Scritps
  artifactKey: Guid(cffed64e9c7f700489bcb3274a321985) Importer(815301076,1909f56bfc062723c751e8b465ee728b)
Start importing Assets/Scritps using Guid(cffed64e9c7f700489bcb3274a321985) Importer(815301076,1909f56bfc062723c751e8b465ee728b)  -> (artifact id: 'f5807162b07dd2afd24199130315febf') in 0.006962 seconds
  Import took 0.009070 seconds .

========================================================================
Received Import Request.
  Time since last request: 7.747031 seconds.
  path: Assets/Scripts
  artifactKey: Guid(cffed64e9c7f700489bcb3274a321985) Importer(815301076,1909f56bfc062723c751e8b465ee728b)
Start importing Assets/Scripts using Guid(cffed64e9c7f700489bcb3274a321985) Importer(815301076,1909f56bfc062723c751e8b465ee728b)  -> (artifact id: 'c646f2c282fac428f8946502ecbd06a8') in 0.007531 seconds
  Import took 0.009529 seconds .

========================================================================
Received Import Request.
  Time since last request: 15.161736 seconds.
  path: Assets/Scripts/VelocityScript.cs
  artifactKey: Guid(9be7b2d3525eef7439c525bee3e82105) Importer(815301076,1909f56bfc062723c751e8b465ee728b)
Start importing Assets/Scripts/VelocityScript.cs using Guid(9be7b2d3525eef7439c525bee3e82105) Importer(815301076,1909f56bfc062723c751e8b465ee728b)  -> (artifact id: '90f9cafd4a1f58a3d8417b951dbf6d8c') in 0.018923 seconds
  Import took 0.021031 seconds .

========================================================================
Received Import Request.
  Time since last request: 0.000591 seconds.
  path: Assets/Scripts/VelocityScript.cs
  artifactKey: Guid(9be7b2d3525eef7439c525bee3e82105) Importer(815301076,1909f56bfc062723c751e8b465ee728b)
Start importing Assets/Scripts/VelocityScript.cs using Guid(9be7b2d3525eef7439c525bee3e82105) Importer(815301076,1909f56bfc062723c751e8b465ee728b)  -> (artifact id: '90f9cafd4a1f58a3d8417b951dbf6d8c') in 0.002440 seconds
  Import took 0.003922 seconds .

========================================================================
Received Prepare
Registering precompiled user dll's ...
Registered in 0.000729 seconds.
Begin MonoManager ReloadAssembly
Native extension for WindowsStandalone target not found
Native extension for OSXStandalone target not found
Native extension for WebGL target not found
Refreshing native plugins compatible for Editor in 0.27 ms, found 0 plugins.
Preloading 0 native plugins for Editor in 0.00 ms.
Invoked RoslynAnalysisRunner static constructor.
RoslynAnalysisRunner will not be running.
RoslynAnalysisRunner has terminated.
Mono: successfully reloaded assembly
- Completed reload, in  0.607 seconds
Platform modules already initialized, skipping
Refreshing native plugins compatible for Editor in 0.25 ms, found 0 plugins.
Preloading 0 native plugins for Editor in 0.00 ms.
Unloading 1120 Unused Serialized files (Serialized files now loaded: 0)
System memory in use before: 66.7 MB.
System memory in use after: 66.8 MB.

Unloading 5 unused Assets to reduce memory usage. Loaded Objects now: 1633.
Total: 1.600400 ms (FindLiveObjects: 0.158500 ms CreateObjectMapping: 0.027800 ms MarkObjects: 1.393800 ms  DeleteObjects: 0.019500 ms)

========================================================================
Received Prepare
Registering precompiled user dll's ...
Registered in 0.000679 seconds.
Begin MonoManager ReloadAssembly
Native extension for WindowsStandalone target not found
Native extension for OSXStandalone target not found
Native extension for WebGL target not found
Refreshing native plugins compatible for Editor in 0.25 ms, found 0 plugins.
Preloading 0 native plugins for Editor in 0.00 ms.
Invoked RoslynAnalysisRunner static constructor.
RoslynAnalysisRunner will not be running.
RoslynAnalysisRunner has terminated.
Mono: successfully reloaded assembly
- Completed reload, in  0.603 seconds
Platform modules already initialized, skipping
Refreshing native plugins compatible for Editor in 0.25 ms, found 0 plugins.
Preloading 0 native plugins for Editor in 0.00 ms.
Unloading 1119 Unused Serialized files (Serialized files now loaded: 0)
System memory in use before: 66.7 MB.
System memory in use after: 66.8 MB.

Unloading 4 unused Assets to reduce memory usage. Loaded Objects now: 1636.
Total: 1.509200 ms (FindLiveObjects: 0.182100 ms CreateObjectMapping: 0.029000 ms MarkObjects: 1.286400 ms  DeleteObjects: 0.010600 ms)

========================================================================
Received Prepare
Registering precompiled user dll's ...
Registered in 0.000631 seconds.
Begin MonoManager ReloadAssembly
Native extension for WindowsStandalone target not found
Native extension for OSXStandalone target not found
Native extension for WebGL target not found
Refreshing native plugins compatible for Editor in 0.25 ms, found 0 plugins.
Preloading 0 native plugins for Editor in 0.00 ms.
Invoked RoslynAnalysisRunner static constructor.
RoslynAnalysisRunner will not be running.
RoslynAnalysisRunner has terminated.
Mono: successfully reloaded assembly
- Completed reload, in  0.591 seconds
Platform modules already initialized, skipping
Refreshing native plugins compatible for Editor in 0.26 ms, found 0 plugins.
Preloading 0 native plugins for Editor in 0.00 ms.
Unloading 1119 Unused Serialized files (Serialized files now loaded: 0)
System memory in use before: 66.7 MB.
System memory in use after: 66.8 MB.

Unloading 4 unused Assets to reduce memory usage. Loaded Objects now: 1639.
Total: 1.543700 ms (FindLiveObjects: 0.200100 ms CreateObjectMapping: 0.030200 ms MarkObjects: 1.299700 ms  DeleteObjects: 0.012500 ms)

========================================================================
Received Import Request.
  Time since last request: 909.052090 seconds.
  path: ProjectSettings/TagManager.asset
  artifactKey: Guid(00000000000000003000000000000000) Importer(815301076,1909f56bfc062723c751e8b465ee728b)
Start importing ProjectSettings/TagManager.asset using Guid(00000000000000003000000000000000) Importer(815301076,1909f56bfc062723c751e8b465ee728b)  -> (artifact id: '033322fac31e4da7e3a084eabb26de2d') in 0.018388 seconds
  Import took 0.020608 seconds .

========================================================================
Received Prepare
Registering precompiled user dll's ...
Registered in 0.000645 seconds.
Begin MonoManager ReloadAssembly
Native extension for WindowsStandalone target not found
Native extension for OSXStandalone target not found
Native extension for WebGL target not found
Refreshing native plugins compatible for Editor in 0.26 ms, found 0 plugins.
Preloading 0 native plugins for Editor in 0.00 ms.
Invoked RoslynAnalysisRunner static constructor.
RoslynAnalysisRunner will not be running.
RoslynAnalysisRunner has terminated.
Mono: successfully reloaded assembly
- Completed reload, in  0.591 seconds
Platform modules already initialized, skipping
Refreshing native plugins compatible for Editor in 0.27 ms, found 0 plugins.
Preloading 0 native plugins for Editor in 0.00 ms.
Unloading 1119 Unused Serialized files (Serialized files now loaded: 0)
System memory in use before: 66.7 MB.
System memory in use after: 66.8 MB.

Unloading 5 unused Assets to reduce memory usage. Loaded Objects now: 1642.
Total: 1.594000 ms (FindLiveObjects: 0.179600 ms CreateObjectMapping: 0.025500 ms MarkObjects: 1.372400 ms  DeleteObjects: 0.015700 ms)

========================================================================
Received Import Request.
  Time since last request: 467.664980 seconds.
  path: Assets/Scripts/GoalScript.cs
  artifactKey: Guid(e66773e111d61724e9c8f60013f8b291) Importer(815301076,1909f56bfc062723c751e8b465ee728b)
Start importing Assets/Scripts/GoalScript.cs using Guid(e66773e111d61724e9c8f60013f8b291) Importer(815301076,1909f56bfc062723c751e8b465ee728b)  -> (artifact id: '5635e07b6790d9b3e6f0860ea7343b61') in 0.009738 seconds
  Import took 0.012141 seconds .

========================================================================
Received Prepare
Registering precompiled user dll's ...
Registered in 0.000696 seconds.
Begin MonoManager ReloadAssembly
Native extension for WindowsStandalone target not found
Native extension for OSXStandalone target not found
Native extension for WebGL target not found
Refreshing native plugins compatible for Editor in 0.27 ms, found 0 plugins.
Preloading 0 native plugins for Editor in 0.00 ms.
Invoked RoslynAnalysisRunner static constructor.
RoslynAnalysisRunner will not be running.
RoslynAnalysisRunner has terminated.
Mono: successfully reloaded assembly
- Completed reload, in  0.608 seconds
Platform modules already initialized, skipping
Refreshing native plugins compatible for Editor in 0.25 ms, found 0 plugins.
Preloading 0 native plugins for Editor in 0.00 ms.
Unloading 1120 Unused Serialized files (Serialized files now loaded: 0)
System memory in use before: 66.7 MB.
System memory in use after: 66.8 MB.

Unloading 4 unused Assets to reduce memory usage. Loaded Objects now: 1646.
Total: 1.620000 ms (FindLiveObjects: 0.183100 ms CreateObjectMapping: 0.026100 ms MarkObjects: 1.393200 ms  DeleteObjects: 0.016700 ms)

========================================================================
Received Prepare
Registering precompiled user dll's ...
Registered in 0.000691 seconds.
Begin MonoManager ReloadAssembly
Native extension for WindowsStandalone target not found
Native extension for OSXStandalone target not found
Native extension for WebGL target not found
Refreshing native plugins compatible for Editor in 0.28 ms, found 0 plugins.
Preloading 0 native plugins for Editor in 0.00 ms.
Invoked RoslynAnalysisRunner static constructor.
RoslynAnalysisRunner will not be running.
RoslynAnalysisRunner has terminated.
Mono: successfully reloaded assembly
- Completed reload, in  0.603 seconds
Platform modules already initialized, skipping
Refreshing native plugins compatible for Editor in 0.25 ms, found 0 plugins.
Preloading 0 native plugins for Editor in 0.00 ms.
Unloading 1120 Unused Serialized files (Serialized files now loaded: 0)
System memory in use before: 66.7 MB.
System memory in use after: 66.8 MB.

Unloading 4 unused Assets to reduce memory usage. Loaded Objects now: 1649.
Total: 1.701800 ms (FindLiveObjects: 0.203900 ms CreateObjectMapping: 0.026000 ms MarkObjects: 1.455400 ms  DeleteObjects: 0.015500 ms)

========================================================================
Received Import Request.
  Time since last request: 134.922541 seconds.
  path: Assets/Scripts/GoalScript.cs
  artifactKey: Guid(e66773e111d61724e9c8f60013f8b291) Importer(815301076,1909f56bfc062723c751e8b465ee728b)
Start importing Assets/Scripts/GoalScript.cs using Guid(e66773e111d61724e9c8f60013f8b291) Importer(815301076,1909f56bfc062723c751e8b465ee728b)  -> (artifact id: '678f8bc62ba9b7e08e6e32da4d7a2ae0') in 0.003917 seconds
  Import took 0.005553 seconds .

========================================================================
Received Import Request.
  Time since last request: 356.366761 seconds.
  path: Assets/Scripts/GameManager.cs
  artifactKey: Guid(23fe85c97ed26f746a45cd24f0628dba) Importer(815301076,1909f56bfc062723c751e8b465ee728b)
Start importing Assets/Scripts/GameManager.cs using Guid(23fe85c97ed26f746a45cd24f0628dba) Importer(815301076,1909f56bfc062723c751e8b465ee728b)  -> (artifact id: 'c08e0edf7d2baaaad70c5731482968d4') in 0.007830 seconds
  Import took 0.010169 seconds .

========================================================================
Received Prepare
Registering precompiled user dll's ...
Registered in 0.000746 seconds.
Begin MonoManager ReloadAssembly
Native extension for WindowsStandalone target not found
Native extension for OSXStandalone target not found
Native extension for WebGL target not found
Refreshing native plugins compatible for Editor in 0.28 ms, found 0 plugins.
Preloading 0 native plugins for Editor in 0.00 ms.
Invoked RoslynAnalysisRunner static constructor.
RoslynAnalysisRunner will not be running.
RoslynAnalysisRunner has terminated.
Mono: successfully reloaded assembly
- Completed reload, in  0.607 seconds
Platform modules already initialized, skipping
Refreshing native plugins compatible for Editor in 0.25 ms, found 0 plugins.
Preloading 0 native plugins for Editor in 0.00 ms.
Unloading 1121 Unused Serialized files (Serialized files now loaded: 0)
System memory in use before: 66.8 MB.
System memory in use after: 66.9 MB.

Unloading 4 unused Assets to reduce memory usage. Loaded Objects now: 1653.
Total: 1.614400 ms (FindLiveObjects: 0.179700 ms CreateObjectMapping: 0.029800 ms MarkObjects: 1.389400 ms  DeleteObjects: 0.014600 ms)

========================================================================
Received Prepare
Registering precompiled user dll's ...
Registered in 0.000586 seconds.
Begin MonoManager ReloadAssembly
Native extension for WindowsStandalone target not found
Native extension for OSXStandalone target not found
Native extension for WebGL target not found
Refreshing native plugins compatible for Editor in 0.26 ms, found 0 plugins.
Preloading 0 native plugins for Editor in 0.00 ms.
Invoked RoslynAnalysisRunner static constructor.
RoslynAnalysisRunner will not be running.
RoslynAnalysisRunner has terminated.
Mono: successfully reloaded assembly
- Completed reload, in  0.604 seconds
Platform modules already initialized, skipping
Refreshing native plugins compatible for Editor in 0.25 ms, found 0 plugins.
Preloading 0 native plugins for Editor in 0.00 ms.
Unloading 1121 Unused Serialized files (Serialized files now loaded: 0)
System memory in use before: 66.8 MB.
System memory in use after: 66.9 MB.

Unloading 4 unused Assets to reduce memory usage. Loaded Objects now: 1656.
Total: 1.579500 ms (FindLiveObjects: 0.167400 ms CreateObjectMapping: 0.025900 ms MarkObjects: 1.369300 ms  DeleteObjects: 0.015600 ms)

========================================================================
Received Import Request.
  Time since last request: 218.467339 seconds.
  path: Assets/Scripts/GameManager.cs
  artifactKey: Guid(23fe85c97ed26f746a45cd24f0628dba) Importer(815301076,1909f56bfc062723c751e8b465ee728b)
Start importing Assets/Scripts/GameManager.cs using Guid(23fe85c97ed26f746a45cd24f0628dba) Importer(815301076,1909f56bfc062723c751e8b465ee728b)  -> (artifact id: '4ac7ab2c93d5cab4e7d1948c9c82fe8b') in 0.004033 seconds
  Import took 0.005815 seconds .

========================================================================
Received Prepare
Registering precompiled user dll's ...
Registered in 0.000618 seconds.
Begin MonoManager ReloadAssembly
Native extension for WindowsStandalone target not found
Native extension for OSXStandalone target not found
Native extension for WebGL target not found
Refreshing native plugins compatible for Editor in 0.29 ms, found 0 plugins.
Preloading 0 native plugins for Editor in 0.00 ms.
Invoked RoslynAnalysisRunner static constructor.
RoslynAnalysisRunner will not be running.
RoslynAnalysisRunner has terminated.
Mono: successfully reloaded assembly
- Completed reload, in  0.596 seconds
Platform modules already initialized, skipping
Refreshing native plugins compatible for Editor in 0.25 ms, found 0 plugins.
Preloading 0 native plugins for Editor in 0.00 ms.
Unloading 1121 Unused Serialized files (Serialized files now loaded: 0)
System memory in use before: 66.8 MB.
System memory in use after: 66.9 MB.

Unloading 4 unused Assets to reduce memory usage. Loaded Objects now: 1659.
Total: 1.610400 ms (FindLiveObjects: 0.174500 ms CreateObjectMapping: 0.024800 ms MarkObjects: 1.395200 ms  DeleteObjects: 0.015000 ms)

========================================================================
Received Prepare
Registering precompiled user dll's ...
Registered in 0.000720 seconds.
Begin MonoManager ReloadAssembly
Native extension for WindowsStandalone target not found
Native extension for OSXStandalone target not found
Native extension for WebGL target not found
Refreshing native plugins compatible for Editor in 0.28 ms, found 0 plugins.
Preloading 0 native plugins for Editor in 0.00 ms.
Invoked RoslynAnalysisRunner static constructor.
RoslynAnalysisRunner will not be running.
RoslynAnalysisRunner has terminated.
Mono: successfully reloaded assembly
- Completed reload, in  0.600 seconds
Platform modules already initialized, skipping
Refreshing native plugins compatible for Editor in 0.26 ms, found 0 plugins.
Preloading 0 native plugins for Editor in 0.00 ms.
Unloading 1121 Unused Serialized files (Serialized files now loaded: 0)
System memory in use before: 66.8 MB.
System memory in use after: 66.9 MB.

Unloading 4 unused Assets to reduce memory usage. Loaded Objects now: 1662.
Total: 1.680800 ms (FindLiveObjects: 0.193900 ms CreateObjectMapping: 0.027200 ms MarkObjects: 1.439800 ms  DeleteObjects: 0.019000 ms)

========================================================================
Received Import Request.
  Time since last request: 420.123267 seconds.
  path: Assets/Scenes/Hour10.unity
  artifactKey: Guid(aec43f01369b4dc48b4930b50d1e7568) Importer(815301076,1909f56bfc062723c751e8b465ee728b)
Start importing Assets/Scenes/Hour10.unity using Guid(aec43f01369b4dc48b4930b50d1e7568) Importer(815301076,1909f56bfc062723c751e8b465ee728b)  -> (artifact id: 'a5ed2b71b909944d656a991f7fa009b6') in 0.009901 seconds
  Import took 0.012188 seconds .

========================================================================
Received Import Request.
  Time since last request: 0.000336 seconds.
  path: Assets/Scenes/Hour10.unity
  artifactKey: Guid(aec43f01369b4dc48b4930b50d1e7568) Importer(815301076,1909f56bfc062723c751e8b465ee728b)
Start importing Assets/Scenes/Hour10.unity using Guid(aec43f01369b4dc48b4930b50d1e7568) Importer(815301076,1909f56bfc062723c751e8b465ee728b)  -> (artifact id: 'a5ed2b71b909944d656a991f7fa009b6') in 0.002746 seconds
  Import took 0.004608 seconds .

========================================================================
Received Import Request.
  Time since last request: 940.461509 seconds.
  path: Assets/Scripts/TryAgainScript.cs
  artifactKey: Guid(ca45c920dc31e2d42acb34b2ecb3fc64) Importer(815301076,1909f56bfc062723c751e8b465ee728b)
Start importing Assets/Scripts/TryAgainScript.cs using Guid(ca45c920dc31e2d42acb34b2ecb3fc64) Importer(815301076,1909f56bfc062723c751e8b465ee728b)  -> (artifact id: 'c86aa4f2bb5ee5af40e6cf6f9320b318') in 0.007875 seconds
  Import took 0.010114 seconds .

========================================================================
Received Prepare
Registering precompiled user dll's ...
Registered in 0.000770 seconds.
Begin MonoManager ReloadAssembly
Native extension for WindowsStandalone target not found
Native extension for OSXStandalone target not found
Native extension for WebGL target not found
Refreshing native plugins compatible for Editor in 0.26 ms, found 0 plugins.
Preloading 0 native plugins for Editor in 0.00 ms.
Invoked RoslynAnalysisRunner static constructor.
RoslynAnalysisRunner will not be running.
RoslynAnalysisRunner has terminated.
Mono: successfully reloaded assembly
- Completed reload, in  0.606 seconds
Platform modules already initialized, skipping
Refreshing native plugins compatible for Editor in 0.25 ms, found 0 plugins.
Preloading 0 native plugins for Editor in 0.00 ms.
Unloading 1135 Unused Serialized files (Serialized files now loaded: 0)
System memory in use before: 68.6 MB.
System memory in use after: 68.1 MB.

Unloading 17 unused Assets to reduce memory usage. Loaded Objects now: 1666.
Total: 2.364500 ms (FindLiveObjects: 0.290000 ms CreateObjectMapping: 0.038500 ms MarkObjects: 1.700600 ms  DeleteObjects: 0.334100 ms)

========================================================================
Received Prepare
Registering precompiled user dll's ...
Registered in 0.000589 seconds.
Begin MonoManager ReloadAssembly
Native extension for WindowsStandalone target not found
Native extension for OSXStandalone target not found
Native extension for WebGL target not found
Refreshing native plugins compatible for Editor in 0.28 ms, found 0 plugins.
Preloading 0 native plugins for Editor in 0.00 ms.
Invoked RoslynAnalysisRunner static constructor.
RoslynAnalysisRunner will not be running.
RoslynAnalysisRunner has terminated.
Mono: successfully reloaded assembly
- Completed reload, in  0.605 seconds
Platform modules already initialized, skipping
Refreshing native plugins compatible for Editor in 0.25 ms, found 0 plugins.
Preloading 0 native plugins for Editor in 0.00 ms.
Unloading 1135 Unused Serialized files (Serialized files now loaded: 0)
System memory in use before: 68.6 MB.
System memory in use after: 68.1 MB.

Unloading 17 unused Assets to reduce memory usage. Loaded Objects now: 1669.
Total: 1.820300 ms (FindLiveObjects: 0.209100 ms CreateObjectMapping: 0.032100 ms MarkObjects: 1.279900 ms  DeleteObjects: 0.298100 ms)

========================================================================
Received Import Request.
  Time since last request: 679.520827 seconds.
  path: Assets/Scripts/TryAgainScript.cs
  artifactKey: Guid(ca45c920dc31e2d42acb34b2ecb3fc64) Importer(815301076,1909f56bfc062723c751e8b465ee728b)
Start importing Assets/Scripts/TryAgainScript.cs using Guid(ca45c920dc31e2d42acb34b2ecb3fc64) Importer(815301076,1909f56bfc062723c751e8b465ee728b)  -> (artifact id: '22a7743f0b29e33cfad3d82207baa9a1') in 0.008782 seconds
  Import took 0.010650 seconds .

========================================================================
Received Prepare
Registering precompiled user dll's ...
Registered in 0.000640 seconds.
Begin MonoManager ReloadAssembly
Native extension for WindowsStandalone target not found
Native extension for OSXStandalone target not found
Native extension for WebGL target not found
Refreshing native plugins compatible for Editor in 0.25 ms, found 0 plugins.
Preloading 0 native plugins for Editor in 0.00 ms.
Invoked RoslynAnalysisRunner static constructor.
RoslynAnalysisRunner will not be running.
RoslynAnalysisRunner has terminated.
Mono: successfully reloaded assembly
- Completed reload, in  0.595 seconds
Platform modules already initialized, skipping
Refreshing native plugins compatible for Editor in 0.25 ms, found 0 plugins.
Preloading 0 native plugins for Editor in 0.00 ms.
Unloading 1135 Unused Serialized files (Serialized files now loaded: 0)
System memory in use before: 68.6 MB.
System memory in use after: 68.1 MB.

Unloading 17 unused Assets to reduce memory usage. Loaded Objects now: 1672.
Total: 1.887700 ms (FindLiveObjects: 0.207400 ms CreateObjectMapping: 0.029000 ms MarkObjects: 1.318100 ms  DeleteObjects: 0.332100 ms)

========================================================================
Received Import Request.
  Time since last request: 495.489504 seconds.
  path: Assets/Scripts/GameManager_Project.cs
  artifactKey: Guid(b10475d3ee584e5478f75c9a7a5b7f5b) Importer(815301076,1909f56bfc062723c751e8b465ee728b)
Start importing Assets/Scripts/GameManager_Project.cs using Guid(b10475d3ee584e5478f75c9a7a5b7f5b) Importer(815301076,1909f56bfc062723c751e8b465ee728b)  -> (artifact id: '7a7c5087c3d4cd35a7d67d9d6e8b483f') in 0.010039 seconds
  Import took 0.012263 seconds .

========================================================================
Received Prepare
Registering precompiled user dll's ...
Registered in 0.000693 seconds.
Begin MonoManager ReloadAssembly
Native extension for WindowsStandalone target not found
Native extension for OSXStandalone target not found
Native extension for WebGL target not found
Refreshing native plugins compatible for Editor in 0.27 ms, found 0 plugins.
Preloading 0 native plugins for Editor in 0.00 ms.
Invoked RoslynAnalysisRunner static constructor.
RoslynAnalysisRunner will not be running.
RoslynAnalysisRunner has terminated.
Mono: successfully reloaded assembly
- Completed reload, in  0.617 seconds
Platform modules already initialized, skipping
Refreshing native plugins compatible for Editor in 0.26 ms, found 0 plugins.
Preloading 0 native plugins for Editor in 0.00 ms.
Unloading 1136 Unused Serialized files (Serialized files now loaded: 0)
System memory in use before: 68.7 MB.
System memory in use after: 68.1 MB.

Unloading 17 unused Assets to reduce memory usage. Loaded Objects now: 1676.
Total: 1.957900 ms (FindLiveObjects: 0.193300 ms CreateObjectMapping: 0.025800 ms MarkObjects: 1.410000 ms  DeleteObjects: 0.327800 ms)

========================================================================
Received Import Request.
  Time since last request: 12.031649 seconds.
  path: Assets/Scenes/Project4.unity
  artifactKey: Guid(2ca968eeb7a619c4588136e7f2bcc51a) Importer(815301076,1909f56bfc062723c751e8b465ee728b)
Start importing Assets/Scenes/Project4.unity using Guid(2ca968eeb7a619c4588136e7f2bcc51a) Importer(815301076,1909f56bfc062723c751e8b465ee728b)  -> (artifact id: '0a5d0418c6e95cb7ccdd2253f19f6c66') in 0.015228 seconds
  Import took 0.017543 seconds .

========================================================================
Received Prepare
Registering precompiled user dll's ...
Registered in 0.000637 seconds.
Begin MonoManager ReloadAssembly
Native extension for WindowsStandalone target not found
Native extension for OSXStandalone target not found
Native extension for WebGL target not found
Refreshing native plugins compatible for Editor in 0.26 ms, found 0 plugins.
Preloading 0 native plugins for Editor in 0.00 ms.
Invoked RoslynAnalysisRunner static constructor.
RoslynAnalysisRunner will not be running.
RoslynAnalysisRunner has terminated.
Mono: successfully reloaded assembly
- Completed reload, in  0.598 seconds
Platform modules already initialized, skipping
Refreshing native plugins compatible for Editor in 0.25 ms, found 0 plugins.
Preloading 0 native plugins for Editor in 0.00 ms.
Unloading 1136 Unused Serialized files (Serialized files now loaded: 0)
System memory in use before: 68.6 MB.
System memory in use after: 68.1 MB.

Unloading 17 unused Assets to reduce memory usage. Loaded Objects now: 1679.
Total: 2.336800 ms (FindLiveObjects: 0.235400 ms CreateObjectMapping: 0.031400 ms MarkObjects: 1.736800 ms  DeleteObjects: 0.332000 ms)

========================================================================
Received Import Request.
  Time since last request: 66.262770 seconds.
  path: Assets/Scenes/Hour10.unity
  artifactKey: Guid(aec43f01369b4dc48b4930b50d1e7568) Importer(815301076,1909f56bfc062723c751e8b465ee728b)
Start importing Assets/Scenes/Hour10.unity using Guid(aec43f01369b4dc48b4930b50d1e7568) Importer(815301076,1909f56bfc062723c751e8b465ee728b)  -> (artifact id: 'e73ed8eb923d1bba953b203474adeb5c') in 0.014076 seconds
  Import took 0.016116 seconds .

========================================================================
Received Prepare
Registering precompiled user dll's ...
Registered in 0.000641 seconds.
Begin MonoManager ReloadAssembly
Native extension for WindowsStandalone target not found
Native extension for OSXStandalone target not found
Native extension for WebGL target not found
Refreshing native plugins compatible for Editor in 0.27 ms, found 0 plugins.
Preloading 0 native plugins for Editor in 0.00 ms.
Invoked RoslynAnalysisRunner static constructor.
RoslynAnalysisRunner will not be running.
RoslynAnalysisRunner has terminated.
Mono: successfully reloaded assembly
- Completed reload, in  0.594 seconds
Platform modules already initialized, skipping
Refreshing native plugins compatible for Editor in 0.26 ms, found 0 plugins.
Preloading 0 native plugins for Editor in 0.00 ms.
Unloading 1136 Unused Serialized files (Serialized files now loaded: 0)
System memory in use before: 68.7 MB.
System memory in use after: 68.2 MB.

Unloading 17 unused Assets to reduce memory usage. Loaded Objects now: 1682.
Total: 2.063800 ms (FindLiveObjects: 0.211900 ms CreateObjectMapping: 0.032000 ms MarkObjects: 1.482800 ms  DeleteObjects: 0.335900 ms)

========================================================================
Received Import Request.
  Time since last request: 617.064715 seconds.
  path: Assets/Scripts/RNGDirectionScript.cs
  artifactKey: Guid(df6eaea90d0343546b7f6fe034738b9e) Importer(815301076,1909f56bfc062723c751e8b465ee728b)
Start importing Assets/Scripts/RNGDirectionScript.cs using Guid(df6eaea90d0343546b7f6fe034738b9e) Importer(815301076,1909f56bfc062723c751e8b465ee728b)  -> (artifact id: 'f2c2e1757a4f18001c2cfc94efc6e512') in 0.010343 seconds
  Import took 0.012696 seconds .

========================================================================
Received Prepare
Registering precompiled user dll's ...
Registered in 0.000684 seconds.
Begin MonoManager ReloadAssembly
Native extension for WindowsStandalone target not found
Native extension for OSXStandalone target not found
Native extension for WebGL target not found
Refreshing native plugins compatible for Editor in 0.28 ms, found 0 plugins.
Preloading 0 native plugins for Editor in 0.00 ms.
Invoked RoslynAnalysisRunner static constructor.
RoslynAnalysisRunner will not be running.
RoslynAnalysisRunner has terminated.
Mono: successfully reloaded assembly
- Completed reload, in  0.612 seconds
Platform modules already initialized, skipping
Refreshing native plugins compatible for Editor in 0.25 ms, found 0 plugins.
Preloading 0 native plugins for Editor in 0.00 ms.
Unloading 1137 Unused Serialized files (Serialized files now loaded: 0)
System memory in use before: 68.7 MB.
System memory in use after: 68.2 MB.

Unloading 17 unused Assets to reduce memory usage. Loaded Objects now: 1686.
Total: 2.264500 ms (FindLiveObjects: 0.239500 ms CreateObjectMapping: 0.031200 ms MarkObjects: 1.667900 ms  DeleteObjects: 0.324400 ms)

========================================================================
Received Prepare
Registering precompiled user dll's ...
Registered in 0.000672 seconds.
Begin MonoManager ReloadAssembly
Native extension for WindowsStandalone target not found
Native extension for OSXStandalone target not found
Native extension for WebGL target not found
Refreshing native plugins compatible for Editor in 0.26 ms, found 0 plugins.
Preloading 0 native plugins for Editor in 0.00 ms.
Invoked RoslynAnalysisRunner static constructor.
RoslynAnalysisRunner will not be running.
RoslynAnalysisRunner has terminated.
Mono: successfully reloaded assembly
- Completed reload, in  0.611 seconds
Platform modules already initialized, skipping
Refreshing native plugins compatible for Editor in 0.25 ms, found 0 plugins.
Preloading 0 native plugins for Editor in 0.00 ms.
Unloading 1137 Unused Serialized files (Serialized files now loaded: 0)
System memory in use before: 68.7 MB.
System memory in use after: 68.2 MB.

Unloading 17 unused Assets to reduce memory usage. Loaded Objects now: 1689.
Total: 1.912300 ms (FindLiveObjects: 0.169800 ms CreateObjectMapping: 0.028000 ms MarkObjects: 1.375600 ms  DeleteObjects: 0.337900 ms)

========================================================================
Received Prepare
Registering precompiled user dll's ...
Registered in 0.000668 seconds.
Begin MonoManager ReloadAssembly
Native extension for WindowsStandalone target not found
Native extension for OSXStandalone target not found
Native extension for WebGL target not found
Refreshing native plugins compatible for Editor in 0.26 ms, found 0 plugins.
Preloading 0 native plugins for Editor in 0.00 ms.
Invoked RoslynAnalysisRunner static constructor.
RoslynAnalysisRunner will not be running.
RoslynAnalysisRunner has terminated.
Mono: successfully reloaded assembly
- Completed reload, in  0.603 seconds
Platform modules already initialized, skipping
Refreshing native plugins compatible for Editor in 0.25 ms, found 0 plugins.
Preloading 0 native plugins for Editor in 0.00 ms.
Unloading 1137 Unused Serialized files (Serialized files now loaded: 0)
System memory in use before: 68.7 MB.
System memory in use after: 68.2 MB.

Unloading 17 unused Assets to reduce memory usage. Loaded Objects now: 1692.
Total: 1.744400 ms (FindLiveObjects: 0.169300 ms CreateObjectMapping: 0.025400 ms MarkObjects: 1.251600 ms  DeleteObjects: 0.297400 ms)

========================================================================
Received Prepare
Registering precompiled user dll's ...
Registered in 0.000698 seconds.
Begin MonoManager ReloadAssembly
Native extension for WindowsStandalone target not found
Native extension for OSXStandalone target not found
Native extension for WebGL target not found
Refreshing native plugins compatible for Editor in 0.26 ms, found 0 plugins.
Preloading 0 native plugins for Editor in 0.00 ms.
Invoked RoslynAnalysisRunner static constructor.
RoslynAnalysisRunner will not be running.
RoslynAnalysisRunner has terminated.
Mono: successfully reloaded assembly
- Completed reload, in  0.602 seconds
Platform modules already initialized, skipping
Refreshing native plugins compatible for Editor in 0.27 ms, found 0 plugins.
Preloading 0 native plugins for Editor in 0.00 ms.
Unloading 1137 Unused Serialized files (Serialized files now loaded: 0)
System memory in use before: 68.7 MB.
System memory in use after: 68.2 MB.

Unloading 17 unused Assets to reduce memory usage. Loaded Objects now: 1695.
Total: 2.357000 ms (FindLiveObjects: 0.227800 ms CreateObjectMapping: 0.035300 ms MarkObjects: 1.760400 ms  DeleteObjects: 0.332100 ms)

========================================================================
Received Prepare
Registering precompiled user dll's ...
Registered in 0.000722 seconds.
Begin MonoManager ReloadAssembly
Native extension for WindowsStandalone target not found
Native extension for OSXStandalone target not found
Native extension for WebGL target not found
Refreshing native plugins compatible for Editor in 0.27 ms, found 0 plugins.
Preloading 0 native plugins for Editor in 0.00 ms.
Invoked RoslynAnalysisRunner static constructor.
RoslynAnalysisRunner will not be running.
RoslynAnalysisRunner has terminated.
Mono: successfully reloaded assembly
- Completed reload, in  0.611 seconds
Platform modules already initialized, skipping
Refreshing native plugins compatible for Editor in 0.26 ms, found 0 plugins.
Preloading 0 native plugins for Editor in 0.00 ms.
Unloading 1137 Unused Serialized files (Serialized files now loaded: 0)
System memory in use before: 68.7 MB.
System memory in use after: 68.2 MB.

Unloading 17 unused Assets to reduce memory usage. Loaded Objects now: 1698.
Total: 2.049400 ms (FindLiveObjects: 0.251000 ms CreateObjectMapping: 0.027900 ms MarkObjects: 1.420400 ms  DeleteObjects: 0.349000 ms)

========================================================================
Received Prepare
Registering precompiled user dll's ...
Registered in 0.000657 seconds.
Begin MonoManager ReloadAssembly
Native extension for WindowsStandalone target not found
Native extension for OSXStandalone target not found
Native extension for WebGL target not found
Refreshing native plugins compatible for Editor in 0.26 ms, found 0 plugins.
Preloading 0 native plugins for Editor in 0.00 ms.
Invoked RoslynAnalysisRunner static constructor.
RoslynAnalysisRunner will not be running.
RoslynAnalysisRunner has terminated.
Mono: successfully reloaded assembly
- Completed reload, in  0.606 seconds
Platform modules already initialized, skipping
Refreshing native plugins compatible for Editor in 0.28 ms, found 0 plugins.
Preloading 0 native plugins for Editor in 0.00 ms.
Unloading 1137 Unused Serialized files (Serialized files now loaded: 0)
System memory in use before: 68.7 MB.
System memory in use after: 68.2 MB.

Unloading 17 unused Assets to reduce memory usage. Loaded Objects now: 1701.
Total: 1.859300 ms (FindLiveObjects: 0.194000 ms CreateObjectMapping: 0.024800 ms MarkObjects: 1.310900 ms  DeleteObjects: 0.328800 ms)

========================================================================
Received Import Request.
  Time since last request: 1166.235474 seconds.
  path: Assets/Scripts/ChaosBallGoalScript.cs
  artifactKey: Guid(3a69dcc6ba8298e4a94b6b69ec0eef9c) Importer(815301076,1909f56bfc062723c751e8b465ee728b)
Start importing Assets/Scripts/ChaosBallGoalScript.cs using Guid(3a69dcc6ba8298e4a94b6b69ec0eef9c) Importer(815301076,1909f56bfc062723c751e8b465ee728b)  -> (artifact id: '75682018b0127bde3ddb0b70edf99c97') in 0.011446 seconds
  Import took 0.013891 seconds .

========================================================================
Received Prepare
Registering precompiled user dll's ...
Registered in 0.000693 seconds.
Begin MonoManager ReloadAssembly
Native extension for WindowsStandalone target not found
Native extension for OSXStandalone target not found
Native extension for WebGL target not found
Refreshing native plugins compatible for Editor in 0.28 ms, found 0 plugins.
Preloading 0 native plugins for Editor in 0.00 ms.
Invoked RoslynAnalysisRunner static constructor.
RoslynAnalysisRunner will not be running.
RoslynAnalysisRunner has terminated.
Mono: successfully reloaded assembly
- Completed reload, in  0.605 seconds
Platform modules already initialized, skipping
Refreshing native plugins compatible for Editor in 0.25 ms, found 0 plugins.
Preloading 0 native plugins for Editor in 0.00 ms.
Unloading 1138 Unused Serialized files (Serialized files now loaded: 0)
System memory in use before: 68.8 MB.
System memory in use after: 68.3 MB.

Unloading 17 unused Assets to reduce memory usage. Loaded Objects now: 1705.
Total: 1.969200 ms (FindLiveObjects: 0.209000 ms CreateObjectMapping: 0.029400 ms MarkObjects: 1.389700 ms  DeleteObjects: 0.339900 ms)

========================================================================
Received Prepare
Registering precompiled user dll's ...
Registered in 0.000676 seconds.
Begin MonoManager ReloadAssembly
Native extension for WindowsStandalone target not found
Native extension for OSXStandalone target not found
Native extension for WebGL target not found
Refreshing native plugins compatible for Editor in 0.26 ms, found 0 plugins.
Preloading 0 native plugins for Editor in 0.00 ms.
Invoked RoslynAnalysisRunner static constructor.
RoslynAnalysisRunner will not be running.
RoslynAnalysisRunner has terminated.
Mono: successfully reloaded assembly
- Completed reload, in  0.596 seconds
Platform modules already initialized, skipping
Refreshing native plugins compatible for Editor in 0.25 ms, found 0 plugins.
Preloading 0 native plugins for Editor in 0.00 ms.
Unloading 1138 Unused Serialized files (Serialized files now loaded: 0)
System memory in use before: 68.8 MB.
System memory in use after: 68.3 MB.

Unloading 17 unused Assets to reduce memory usage. Loaded Objects now: 1708.
Total: 2.020400 ms (FindLiveObjects: 0.197200 ms CreateObjectMapping: 0.030300 ms MarkObjects: 1.459200 ms  DeleteObjects: 0.332900 ms)

========================================================================
Received Prepare
Registering precompiled user dll's ...
Registered in 0.000739 seconds.
Begin MonoManager ReloadAssembly
Native extension for WindowsStandalone target not found
Native extension for OSXStandalone target not found
Native extension for WebGL target not found
Refreshing native plugins compatible for Editor in 0.27 ms, found 0 plugins.
Preloading 0 native plugins for Editor in 0.00 ms.
Invoked RoslynAnalysisRunner static constructor.
RoslynAnalysisRunner will not be running.
RoslynAnalysisRunner has terminated.
Mono: successfully reloaded assembly
- Completed reload, in  0.607 seconds
Platform modules already initialized, skipping
Refreshing native plugins compatible for Editor in 0.27 ms, found 0 plugins.
Preloading 0 native plugins for Editor in 0.00 ms.
Unloading 1137 Unused Serialized files (Serialized files now loaded: 0)
System memory in use before: 68.8 MB.
System memory in use after: 68.2 MB.

Unloading 18 unused Assets to reduce memory usage. Loaded Objects now: 1710.
Total: 2.099100 ms (FindLiveObjects: 0.232500 ms CreateObjectMapping: 0.027600 ms MarkObjects: 1.481500 ms  DeleteObjects: 0.356200 ms)

========================================================================
Received Prepare
Registering precompiled user dll's ...
Registered in 0.000682 seconds.
Begin MonoManager ReloadAssembly
Native extension for WindowsStandalone target not found
Native extension for OSXStandalone target not found
Native extension for WebGL target not found
Refreshing native plugins compatible for Editor in 0.27 ms, found 0 plugins.
Preloading 0 native plugins for Editor in 0.00 ms.
Invoked RoslynAnalysisRunner static constructor.
RoslynAnalysisRunner will not be running.
RoslynAnalysisRunner has terminated.
Mono: successfully reloaded assembly
- Completed reload, in  0.601 seconds
Platform modules already initialized, skipping
Refreshing native plugins compatible for Editor in 0.26 ms, found 0 plugins.
Preloading 0 native plugins for Editor in 0.00 ms.
Unloading 1137 Unused Serialized files (Serialized files now loaded: 0)
System memory in use before: 68.8 MB.
System memory in use after: 68.2 MB.

Unloading 17 unused Assets to reduce memory usage. Loaded Objects now: 1713.
Total: 1.924500 ms (FindLiveObjects: 0.202200 ms CreateObjectMapping: 0.027600 ms MarkObjects: 1.347900 ms  DeleteObjects: 0.345700 ms)

========================================================================
Received Import Request.
  Time since last request: 545.783749 seconds.
  path: Assets/Scripts/ChaosGoalScript.cs
  artifactKey: Guid(955f88ac251102148aaaf8d0fdadb06a) Importer(815301076,1909f56bfc062723c751e8b465ee728b)
Start importing Assets/Scripts/ChaosGoalScript.cs using Guid(955f88ac251102148aaaf8d0fdadb06a) Importer(815301076,1909f56bfc062723c751e8b465ee728b)  -> (artifact id: '6ef4b238f0ad92c2a8e489303ac1cc30') in 0.009753 seconds
  Import took 0.011779 seconds .

========================================================================
Received Prepare
Registering precompiled user dll's ...
Registered in 0.000855 seconds.
Begin MonoManager ReloadAssembly
Native extension for WindowsStandalone target not found
Native extension for OSXStandalone target not found
Native extension for WebGL target not found
Refreshing native plugins compatible for Editor in 0.27 ms, found 0 plugins.
Preloading 0 native plugins for Editor in 0.00 ms.
Invoked RoslynAnalysisRunner static constructor.
RoslynAnalysisRunner will not be running.
RoslynAnalysisRunner has terminated.
Mono: successfully reloaded assembly
- Completed reload, in  0.606 seconds
Platform modules already initialized, skipping
Refreshing native plugins compatible for Editor in 0.27 ms, found 0 plugins.
Preloading 0 native plugins for Editor in 0.00 ms.
Unloading 1138 Unused Serialized files (Serialized files now loaded: 0)
System memory in use before: 68.8 MB.
System memory in use after: 68.3 MB.

Unloading 17 unused Assets to reduce memory usage. Loaded Objects now: 1717.
Total: 2.128800 ms (FindLiveObjects: 0.238900 ms CreateObjectMapping: 0.038700 ms MarkObjects: 1.511800 ms  DeleteObjects: 0.338200 ms)

========================================================================
Received Prepare
Registering precompiled user dll's ...
Registered in 0.000660 seconds.
Begin MonoManager ReloadAssembly
Native extension for WindowsStandalone target not found
Native extension for OSXStandalone target not found
Native extension for WebGL target not found
Refreshing native plugins compatible for Editor in 0.28 ms, found 0 plugins.
Preloading 0 native plugins for Editor in 0.00 ms.
Invoked RoslynAnalysisRunner static constructor.
RoslynAnalysisRunner will not be running.
RoslynAnalysisRunner has terminated.
Mono: successfully reloaded assembly
- Completed reload, in  0.599 seconds
Platform modules already initialized, skipping
Refreshing native plugins compatible for Editor in 0.26 ms, found 0 plugins.
Preloading 0 native plugins for Editor in 0.00 ms.
Unloading 1138 Unused Serialized files (Serialized files now loaded: 0)
System memory in use before: 68.8 MB.
System memory in use after: 68.3 MB.

Unloading 17 unused Assets to reduce memory usage. Loaded Objects now: 1720.
Total: 1.762300 ms (FindLiveObjects: 0.178700 ms CreateObjectMapping: 0.025100 ms MarkObjects: 1.251000 ms  DeleteObjects: 0.306000 ms)

========================================================================
Received Import Request.
  Time since last request: 347.844328 seconds.
  path: Assets/Scripts/ChaosGoalScript.cs
  artifactKey: Guid(955f88ac251102148aaaf8d0fdadb06a) Importer(815301076,1909f56bfc062723c751e8b465ee728b)
Start importing Assets/Scripts/ChaosGoalScript.cs using Guid(955f88ac251102148aaaf8d0fdadb06a) Importer(815301076,1909f56bfc062723c751e8b465ee728b)  -> (artifact id: 'a833b8f35c50e466530d02df942b4ec7') in 0.004227 seconds
  Import took 0.005955 seconds .

========================================================================
Received Prepare
Registering precompiled user dll's ...
Registered in 0.000655 seconds.
Begin MonoManager ReloadAssembly
Native extension for WindowsStandalone target not found
Native extension for OSXStandalone target not found
Native extension for WebGL target not found
Refreshing native plugins compatible for Editor in 0.26 ms, found 0 plugins.
Preloading 0 native plugins for Editor in 0.00 ms.
Invoked RoslynAnalysisRunner static constructor.
RoslynAnalysisRunner will not be running.
RoslynAnalysisRunner has terminated.
Mono: successfully reloaded assembly
- Completed reload, in  0.612 seconds
Platform modules already initialized, skipping
Refreshing native plugins compatible for Editor in 0.24 ms, found 0 plugins.
Preloading 0 native plugins for Editor in 0.00 ms.
Unloading 1138 Unused Serialized files (Serialized files now loaded: 0)
System memory in use before: 68.8 MB.
System memory in use after: 68.3 MB.

Unloading 17 unused Assets to reduce memory usage. Loaded Objects now: 1723.
Total: 2.031500 ms (FindLiveObjects: 0.224500 ms CreateObjectMapping: 0.025500 ms MarkObjects: 1.455300 ms  DeleteObjects: 0.324900 ms)

========================================================================
Received Prepare
Registering precompiled user dll's ...
Registered in 0.000746 seconds.
Begin MonoManager ReloadAssembly
Native extension for WindowsStandalone target not found
Native extension for OSXStandalone target not found
Native extension for WebGL target not found
Refreshing native plugins compatible for Editor in 0.28 ms, found 0 plugins.
Preloading 0 native plugins for Editor in 0.00 ms.
Invoked RoslynAnalysisRunner static constructor.
RoslynAnalysisRunner will not be running.
RoslynAnalysisRunner has terminated.
Mono: successfully reloaded assembly
- Completed reload, in  0.600 seconds
Platform modules already initialized, skipping
Refreshing native plugins compatible for Editor in 0.26 ms, found 0 plugins.
Preloading 0 native plugins for Editor in 0.00 ms.
Unloading 1138 Unused Serialized files (Serialized files now loaded: 0)
System memory in use before: 68.8 MB.
System memory in use after: 68.3 MB.

Unloading 17 unused Assets to reduce memory usage. Loaded Objects now: 1726.
Total: 2.072700 ms (FindLiveObjects: 0.177700 ms CreateObjectMapping: 0.027900 ms MarkObjects: 1.485800 ms  DeleteObjects: 0.380300 ms)

========================================================================
Received Prepare
Registering precompiled user dll's ...
Registered in 0.000709 seconds.
Begin MonoManager ReloadAssembly
Native extension for WindowsStandalone target not found
Native extension for OSXStandalone target not found
Native extension for WebGL target not found
Refreshing native plugins compatible for Editor in 0.28 ms, found 0 plugins.
Preloading 0 native plugins for Editor in 0.00 ms.
Invoked RoslynAnalysisRunner static constructor.
RoslynAnalysisRunner will not be running.
RoslynAnalysisRunner has terminated.
Mono: successfully reloaded assembly
- Completed reload, in  0.610 seconds
Platform modules already initialized, skipping
Refreshing native plugins compatible for Editor in 0.28 ms, found 0 plugins.
Preloading 0 native plugins for Editor in 0.00 ms.
Unloading 1138 Unused Serialized files (Serialized files now loaded: 0)
System memory in use before: 68.8 MB.
System memory in use after: 68.3 MB.

Unloading 17 unused Assets to reduce memory usage. Loaded Objects now: 1729.
Total: 2.128600 ms (FindLiveObjects: 0.211900 ms CreateObjectMapping: 0.027600 ms MarkObjects: 1.531700 ms  DeleteObjects: 0.356500 ms)

========================================================================
Received Prepare
Registering precompiled user dll's ...
Registered in 0.000669 seconds.
Begin MonoManager ReloadAssembly
Native extension for WindowsStandalone target not found
Native extension for OSXStandalone target not found
Native extension for WebGL target not found
Refreshing native plugins compatible for Editor in 0.26 ms, found 0 plugins.
Preloading 0 native plugins for Editor in 0.00 ms.
Invoked RoslynAnalysisRunner static constructor.
RoslynAnalysisRunner will not be running.
RoslynAnalysisRunner has terminated.
Mono: successfully reloaded assembly
- Completed reload, in  0.610 seconds
Platform modules already initialized, skipping
Refreshing native plugins compatible for Editor in 0.27 ms, found 0 plugins.
Preloading 0 native plugins for Editor in 0.00 ms.
Unloading 1138 Unused Serialized files (Serialized files now loaded: 0)
System memory in use before: 68.8 MB.
System memory in use after: 68.3 MB.

Unloading 17 unused Assets to reduce memory usage. Loaded Objects now: 1732.
Total: 2.181600 ms (FindLiveObjects: 0.237100 ms CreateObjectMapping: 0.026100 ms MarkObjects: 1.590900 ms  DeleteObjects: 0.326300 ms)

========================================================================
Received Prepare
Registering precompiled user dll's ...
Registered in 0.000818 seconds.
Begin MonoManager ReloadAssembly
Native extension for WindowsStandalone target not found
Native extension for OSXStandalone target not found
Native extension for WebGL target not found
Refreshing native plugins compatible for Editor in 0.26 ms, found 0 plugins.
Preloading 0 native plugins for Editor in 0.00 ms.
Invoked RoslynAnalysisRunner static constructor.
RoslynAnalysisRunner will not be running.
RoslynAnalysisRunner has terminated.
Mono: successfully reloaded assembly
- Completed reload, in  0.584 seconds
Platform modules already initialized, skipping
Refreshing native plugins compatible for Editor in 0.26 ms, found 0 plugins.
Preloading 0 native plugins for Editor in 0.00 ms.
Unloading 1138 Unused Serialized files (Serialized files now loaded: 0)
System memory in use before: 68.8 MB.
System memory in use after: 68.3 MB.

Unloading 17 unused Assets to reduce memory usage. Loaded Objects now: 1735.
Total: 2.196300 ms (FindLiveObjects: 0.283600 ms CreateObjectMapping: 0.036200 ms MarkObjects: 1.532800 ms  DeleteObjects: 0.342700 ms)

AssetImportWorkerClient::OnTransportError - code=2 error=End of file
